2020-06-02 23:39:27,354:DEBUG:POM_webdriver_bdd.POM_webdriver_utils.utilities:DDT is completed using excel-sheet
2020-06-02 23:39:27,354:DEBUG:POM_webdriver_bdd.POM_webdriver_utils.utilities:DDT is completed using excel-sheet
2020-06-02 23:39:27,374:DEBUG:POM_webdriver_bdd.POM_webdriver_utils.utilities:Error - ()
2020-06-02 23:39:27,374:DEBUG:POM_webdriver_bdd.POM_webdriver_utils.utilities:Error - ()
2020-06-02 23:46:11,914:DEBUG:POM_webdriver_bdd.POM_webdriver_utils.utilities:DDT is completed using excel-sheet
2020-06-02 23:46:11,914:DEBUG:POM_webdriver_bdd.POM_webdriver_utils.utilities:DDT is completed using excel-sheet
2020-06-02 23:46:11,924:DEBUG:POM_webdriver_bdd.POM_webdriver_utils.utilities:Error - ()
2020-06-02 23:46:11,924:DEBUG:POM_webdriver_bdd.POM_webdriver_utils.utilities:Error - ()
2020-06-02 23:51:44,913:DEBUG:POM_webdriver_bdd.POM_webdriver_utils.utilities:Error - ()
2020-06-03 00:01:49,293:DEBUG:POM_webdriver_bdd.POM_webdriver_utils.utilities:Error - ()
2020-06-03 00:08:04,857:DEBUG:POM_webdriver_bdd.POM_webdriver_utils.utilities:Error - ()
2020-06-03 00:11:24,424:DEBUG:POM_webdriver_bdd.POM_webdriver_utils.utilities:DDT is completed using excel-sheet
2020-06-03 00:11:24,424:DEBUG:POM_webdriver_bdd.POM_webdriver_utils.utilities:DDT is completed using excel-sheet
2020-06-03 00:11:24,427:DEBUG:POM_webdriver_bdd.POM_webdriver_utils.utilities:Error - ()
2020-06-03 00:11:24,427:DEBUG:POM_webdriver_bdd.POM_webdriver_utils.utilities:Error - ()
2020-06-03 00:19:04,982:DEBUG:POM_webdriver_bdd.POM_webdriver_utils.utilities:DDT is completed using excel-sheet
2020-06-03 00:19:04,982:DEBUG:POM_webdriver_bdd.POM_webdriver_utils.utilities:DDT is completed using excel-sheet
2020-06-03 00:19:04,989:DEBUG:POM_webdriver_bdd.POM_webdriver_utils.utilities:Error - ()
2020-06-03 00:19:04,989:DEBUG:POM_webdriver_bdd.POM_webdriver_utils.utilities:Error - ()
2020-06-03 00:20:47,785:DEBUG:POM_webdriver_bdd.POM_webdriver_utils.utilities:Error - ()
2020-06-03 00:22:05,563:DEBUG:POM_webdriver_bdd.POM_webdriver_utils.utilities:Error - ()
2020-06-03 00:26:55,282:DEBUG:POM_webdriver_bdd.POM_webdriver_utils.utilities:Error - ()
2020-06-03 00:26:55,299:DEBUG:POM_webdriver_bdd.POM_webdriver_utils.utilities:Stack trace - <function print_exc at 0x01D06EF0> -<function print_stack at 0x01D06FB0> 
2020-06-03 00:29:23,382:DEBUG:POM_webdriver_bdd.POM_webdriver_utils.utilities:DDT is completed using excel-sheet
2020-06-03 00:29:23,382:DEBUG:POM_webdriver_bdd.POM_webdriver_utils.utilities:DDT is completed using excel-sheet
2020-06-03 00:29:23,434:DEBUG:POM_webdriver_bdd.POM_webdriver_utils.utilities:Error - ()
2020-06-03 00:29:23,434:DEBUG:POM_webdriver_bdd.POM_webdriver_utils.utilities:Error - ()
2020-06-03 00:29:23,599:DEBUG:POM_webdriver_bdd.POM_webdriver_utils.utilities:Stack trace - None -None 
2020-06-03 00:29:23,599:DEBUG:POM_webdriver_bdd.POM_webdriver_utils.utilities:Stack trace - None -None 
2020-06-03 00:32:28,724:DEBUG:POM_webdriver_bdd.POM_webdriver_utils.utilities:DDT is completed using excel-sheet
2020-06-03 00:32:28,724:DEBUG:POM_webdriver_bdd.POM_webdriver_utils.utilities:DDT is completed using excel-sheet
2020-06-03 00:32:28,753:DEBUG:POM_webdriver_bdd.POM_webdriver_utils.utilities:Error - ()
2020-06-03 00:32:28,753:DEBUG:POM_webdriver_bdd.POM_webdriver_utils.utilities:Error - ()
2020-06-03 00:32:28,851:DEBUG:POM_webdriver_bdd.POM_webdriver_utils.utilities:Stack trace - None -None 
2020-06-03 00:32:28,851:DEBUG:POM_webdriver_bdd.POM_webdriver_utils.utilities:Stack trace - None -None 
2020-06-03 00:34:36,677:DEBUG:POM_webdriver_bdd.POM_webdriver_utils.utilities:Error - ()
2020-06-03 00:34:36,717:DEBUG:POM_webdriver_bdd.POM_webdriver_utils.utilities:Stack trace - None -None 
2020-06-03 00:35:26,667:DEBUG:POM_webdriver_bdd.POM_webdriver_utils.utilities:Error - ()
2020-06-03 00:35:26,671:DEBUG:POM_webdriver_bdd.POM_webdriver_utils.utilities:Stack trace - None -None 
2020-06-03 01:00:27,278:DEBUG:POM_webdriver_bdd.POM_webdriver_utils.utilities:DDT is completed using excel-sheet
2020-06-03 01:00:27,278:DEBUG:POM_webdriver_bdd.POM_webdriver_utils.utilities:DDT is completed using excel-sheet
2020-06-03 01:00:27,408:DEBUG:POM_webdriver_bdd.POM_webdriver_utils.utilities:Error - ()
2020-06-03 01:00:27,408:DEBUG:POM_webdriver_bdd.POM_webdriver_utils.utilities:Error - ()
2020-06-03 01:00:29,145:DEBUG:POM_webdriver_bdd.POM_webdriver_utils.utilities:Stack trace - None -None 
2020-06-03 01:00:29,145:DEBUG:POM_webdriver_bdd.POM_webdriver_utils.utilities:Stack trace - None -None 
2020-06-03 01:03:22,075:DEBUG:POM_webdriver_bdd.POM_webdriver_utils.utilities:KPI validation-None
2020-06-03 01:04:53,732:DEBUG:POM_webdriver_bdd.POM_webdriver_utils.utilities:KPI validation-None
2020-06-03 01:05:41,624:DEBUG:POM_webdriver_bdd.POM_webdriver_utils.utilities:KPI validation-None
2020-06-03 01:06:35,612:DEBUG:POM_webdriver_bdd.POM_webdriver_utils.utilities:KPI validation-None
2020-06-03 01:07:20,621:DEBUG:POM_webdriver_bdd.POM_webdriver_utils.utilities:KPI validation-None
2020-06-03 01:13:33,522:DEBUG:POM_webdriver_bdd.POM_webdriver_utils.utilities:KPI validation-None
2020-06-03 01:13:48,673:DEBUG:POM_webdriver_bdd.POM_webdriver_utils.utilities:KPI validation-None
2020-06-03 01:14:06,878:DEBUG:POM_webdriver_bdd.POM_webdriver_utils.utilities:KPI validation-None
2020-06-03 01:14:13,734:DEBUG:POM_webdriver_bdd.POM_webdriver_utils.utilities:KPI validation-None
2020-06-03 01:14:34,801:DEBUG:POM_webdriver_bdd.POM_webdriver_utils.utilities:DDT is completed using excel-sheet
2020-06-03 01:14:34,801:DEBUG:POM_webdriver_bdd.POM_webdriver_utils.utilities:DDT is completed using excel-sheet
2020-06-03 01:14:34,802:DEBUG:POM_webdriver_bdd.POM_webdriver_utils.utilities:Error - ()
2020-06-03 01:14:34,802:DEBUG:POM_webdriver_bdd.POM_webdriver_utils.utilities:Error - ()
2020-06-03 01:14:35,042:DEBUG:POM_webdriver_bdd.POM_webdriver_utils.utilities:Stack trace - None -None 
2020-06-03 01:14:35,042:DEBUG:POM_webdriver_bdd.POM_webdriver_utils.utilities:Stack trace - None -None 
2020-06-03 01:20:11,098:DEBUG:POM_webdriver_bdd.POM_webdriver_utils.utilities:KPI validation-True- None
2020-06-03 01:20:31,375:DEBUG:POM_webdriver_bdd.POM_webdriver_utils.utilities:KPI validation-True- None
2020-06-03 01:20:52,270:DEBUG:POM_webdriver_bdd.POM_webdriver_utils.utilities:KPI validation-True- None
2020-06-03 01:21:14,499:DEBUG:POM_webdriver_bdd.POM_webdriver_utils.utilities:DDT is completed using excel-sheet
2020-06-03 01:21:14,499:DEBUG:POM_webdriver_bdd.POM_webdriver_utils.utilities:DDT is completed using excel-sheet
2020-06-03 01:21:14,499:DEBUG:POM_webdriver_bdd.POM_webdriver_utils.utilities:Error - ()
2020-06-03 01:21:14,499:DEBUG:POM_webdriver_bdd.POM_webdriver_utils.utilities:Error - ()
2020-06-03 01:21:14,701:DEBUG:POM_webdriver_bdd.POM_webdriver_utils.utilities:Stack trace - None -None 
2020-06-03 01:21:14,701:DEBUG:POM_webdriver_bdd.POM_webdriver_utils.utilities:Stack trace - None -None 
2020-06-03 01:43:54,644:DEBUG:POM_webdriver_bdd.POM_webdriver_utils.utilities:KPI validation-True- None
2020-06-03 01:44:06,147:DEBUG:POM_webdriver_bdd.POM_webdriver_utils.utilities:KPI validation-True- None
2020-06-03 01:44:14,961:DEBUG:POM_webdriver_bdd.POM_webdriver_utils.utilities:DDT is completed using excel-sheet
2020-06-03 01:44:14,961:DEBUG:POM_webdriver_bdd.POM_webdriver_utils.utilities:DDT is completed using excel-sheet
2020-06-03 01:44:14,961:DEBUG:POM_webdriver_bdd.POM_webdriver_utils.utilities:Error - ()
2020-06-03 01:44:14,961:DEBUG:POM_webdriver_bdd.POM_webdriver_utils.utilities:Error - ()
2020-06-03 01:44:15,762:DEBUG:POM_webdriver_bdd.POM_webdriver_utils.utilities:Stack trace - None -None 
2020-06-03 01:44:15,762:DEBUG:POM_webdriver_bdd.POM_webdriver_utils.utilities:Stack trace - None -None 
2020-06-03 01:57:29,990:DEBUG:POM_webdriver_bdd.POM_webdriver_utils.utilities:KPI validation-True- None
2020-06-03 01:57:33,174:DEBUG:POM_webdriver_bdd.POM_webdriver_utils.utilities:KPI validation-True- None
2020-06-03 01:57:54,290:DEBUG:POM_webdriver_bdd.POM_webdriver_utils.utilities:DDT is completed using excel-sheet
2020-06-03 01:57:54,290:DEBUG:POM_webdriver_bdd.POM_webdriver_utils.utilities:DDT is completed using excel-sheet
2020-06-03 01:57:54,290:DEBUG:POM_webdriver_bdd.POM_webdriver_utils.utilities:Error - ()
2020-06-03 01:57:54,290:DEBUG:POM_webdriver_bdd.POM_webdriver_utils.utilities:Error - ()
2020-06-03 01:57:54,295:DEBUG:POM_webdriver_bdd.POM_webdriver_utils.utilities:Stack trace - None -None 
2020-06-03 01:57:54,295:DEBUG:POM_webdriver_bdd.POM_webdriver_utils.utilities:Stack trace - None -None 
2020-06-03 01:57:54,295:DEBUG:POM_webdriver_bdd.POM_webdriver_utils.utilities:stack trace (<class 'selenium.common.exceptions.TimeoutException'>, TimeoutException(), <traceback object at 0x09067AF8>),funnname:test2_performancemenu_kpi
2020-06-03 01:57:54,295:DEBUG:POM_webdriver_bdd.POM_webdriver_utils.utilities:stack trace (<class 'selenium.common.exceptions.TimeoutException'>, TimeoutException(), <traceback object at 0x09067AF8>),funnname:test2_performancemenu_kpi
2020-06-03 02:05:49,926:DEBUG:POM_webdriver_bdd.POM_webdriver_utils.utilities:KPI validation-True- None
2020-06-03 02:05:55,276:DEBUG:POM_webdriver_bdd.POM_webdriver_utils.utilities:KPI validation-True- None
2020-06-03 02:06:01,046:DEBUG:POM_webdriver_bdd.POM_webdriver_utils.utilities:KPI validation-True- None
2020-06-03 02:06:06,207:DEBUG:POM_webdriver_bdd.POM_webdriver_utils.utilities:KPI validation-True- None
2020-06-03 02:06:11,505:DEBUG:POM_webdriver_bdd.POM_webdriver_utils.utilities:KPI validation-True- None
2020-06-03 02:06:17,332:DEBUG:POM_webdriver_bdd.POM_webdriver_utils.utilities:KPI validation-True- None
2020-06-03 02:06:22,694:DEBUG:POM_webdriver_bdd.POM_webdriver_utils.utilities:KPI validation-True- None
2020-06-03 02:06:27,818:DEBUG:POM_webdriver_bdd.POM_webdriver_utils.utilities:KPI validation-True- None
2020-06-03 02:06:33,086:DEBUG:POM_webdriver_bdd.POM_webdriver_utils.utilities:KPI validation-True- None
2020-06-03 02:06:38,338:DEBUG:POM_webdriver_bdd.POM_webdriver_utils.utilities:KPI validation-True- None
2020-06-03 02:06:43,724:DEBUG:POM_webdriver_bdd.POM_webdriver_utils.utilities:KPI validation-True- None
2020-06-03 02:06:49,539:DEBUG:POM_webdriver_bdd.POM_webdriver_utils.utilities:KPI validation-True- None
2020-06-03 02:06:54,757:DEBUG:POM_webdriver_bdd.POM_webdriver_utils.utilities:KPI validation-True- None
2020-06-03 02:07:00,582:DEBUG:POM_webdriver_bdd.POM_webdriver_utils.utilities:KPI validation-True- None
2020-06-03 02:07:05,819:DEBUG:POM_webdriver_bdd.POM_webdriver_utils.utilities:KPI validation-True- None
2020-06-03 02:07:11,588:DEBUG:POM_webdriver_bdd.POM_webdriver_utils.utilities:KPI validation-True- None
2020-06-03 02:07:17,372:DEBUG:POM_webdriver_bdd.POM_webdriver_utils.utilities:KPI validation-True- None
2020-06-03 02:07:22,667:DEBUG:POM_webdriver_bdd.POM_webdriver_utils.utilities:KPI validation-True- None
2020-06-03 02:07:27,897:DEBUG:POM_webdriver_bdd.POM_webdriver_utils.utilities:KPI validation-True- None
2020-06-03 02:07:33,161:DEBUG:POM_webdriver_bdd.POM_webdriver_utils.utilities:KPI validation-True- None
2020-06-03 02:07:38,996:DEBUG:POM_webdriver_bdd.POM_webdriver_utils.utilities:KPI validation-True- None
2020-06-03 02:07:44,329:DEBUG:POM_webdriver_bdd.POM_webdriver_utils.utilities:KPI validation-True- None
2020-06-03 02:07:50,209:DEBUG:POM_webdriver_bdd.POM_webdriver_utils.utilities:KPI validation-True- None
2020-06-03 02:07:55,483:DEBUG:POM_webdriver_bdd.POM_webdriver_utils.utilities:KPI validation-True- None
2020-06-03 02:08:01,349:DEBUG:POM_webdriver_bdd.POM_webdriver_utils.utilities:KPI validation-True- None
2020-06-03 02:08:07,092:DEBUG:POM_webdriver_bdd.POM_webdriver_utils.utilities:KPI validation-True- None
2020-06-03 02:08:07,092:DEBUG:POM_webdriver_bdd.POM_webdriver_utils.utilities:DDT is completed using excel-sheet
2020-06-03 02:08:07,092:DEBUG:POM_webdriver_bdd.POM_webdriver_utils.utilities:DDT is completed using excel-sheet
2020-06-03 02:15:07,036:DEBUG:POM_webdriver_bdd.POM_webdriver_utils.utilities:DDT is completed using excel-sheet
2020-06-03 02:15:07,036:DEBUG:POM_webdriver_bdd.POM_webdriver_utils.utilities:DDT is completed using excel-sheet
2020-06-03 02:15:07,038:DEBUG:POM_webdriver_bdd.POM_webdriver_utils.utilities:Error - ()
2020-06-03 02:15:07,038:DEBUG:POM_webdriver_bdd.POM_webdriver_utils.utilities:Error - ()
2020-06-03 02:15:07,147:DEBUG:POM_webdriver_bdd.POM_webdriver_utils.utilities:Stack trace - None -None 
2020-06-03 02:15:07,147:DEBUG:POM_webdriver_bdd.POM_webdriver_utils.utilities:Stack trace - None -None 
2020-06-03 02:15:07,147:DEBUG:POM_webdriver_bdd.POM_webdriver_utils.utilities:stack trace (<class 'selenium.common.exceptions.TimeoutException'>, TimeoutException(), <traceback object at 0x09066A58>),funnname:test2_performancemenu_kpi
2020-06-03 02:15:07,147:DEBUG:POM_webdriver_bdd.POM_webdriver_utils.utilities:stack trace (<class 'selenium.common.exceptions.TimeoutException'>, TimeoutException(), <traceback object at 0x09066A58>),funnname:test2_performancemenu_kpi
2020-06-03 02:17:32,415:DEBUG:POM_webdriver_bdd.POM_webdriver_utils.utilities:DDT is completed using excel-sheet
2020-06-03 02:17:32,415:DEBUG:POM_webdriver_bdd.POM_webdriver_utils.utilities:DDT is completed using excel-sheet
2020-06-03 02:17:32,417:DEBUG:POM_webdriver_bdd.POM_webdriver_utils.utilities:Error - ()
2020-06-03 02:17:32,417:DEBUG:POM_webdriver_bdd.POM_webdriver_utils.utilities:Error - ()
2020-06-03 02:17:32,423:DEBUG:POM_webdriver_bdd.POM_webdriver_utils.utilities:Stack trace - None -None 
2020-06-03 02:17:32,423:DEBUG:POM_webdriver_bdd.POM_webdriver_utils.utilities:Stack trace - None -None 
2020-06-03 02:17:32,423:DEBUG:POM_webdriver_bdd.POM_webdriver_utils.utilities:stack trace (<class 'selenium.common.exceptions.TimeoutException'>, TimeoutException(), <traceback object at 0x0257C508>),funnname:test2_performancemenu_kpi
2020-06-03 02:17:32,423:DEBUG:POM_webdriver_bdd.POM_webdriver_utils.utilities:stack trace (<class 'selenium.common.exceptions.TimeoutException'>, TimeoutException(), <traceback object at 0x0257C508>),funnname:test2_performancemenu_kpi
2020-06-03 02:19:18,739:DEBUG:POM_webdriver_bdd.POM_webdriver_utils.utilities:KPI validation-True- None
2020-06-03 02:19:24,095:DEBUG:POM_webdriver_bdd.POM_webdriver_utils.utilities:KPI validation-True- None
2020-06-03 02:19:29,924:DEBUG:POM_webdriver_bdd.POM_webdriver_utils.utilities:KPI validation-True- None
2020-06-03 02:19:35,174:DEBUG:POM_webdriver_bdd.POM_webdriver_utils.utilities:KPI validation-True- None
2020-06-03 02:19:41,002:DEBUG:POM_webdriver_bdd.POM_webdriver_utils.utilities:KPI validation-True- None
2020-06-03 02:19:46,384:DEBUG:POM_webdriver_bdd.POM_webdriver_utils.utilities:KPI validation-True- None
2020-06-03 02:19:52,194:DEBUG:POM_webdriver_bdd.POM_webdriver_utils.utilities:KPI validation-True- None
2020-06-03 02:19:57,937:DEBUG:POM_webdriver_bdd.POM_webdriver_utils.utilities:KPI validation-True- None
2020-06-03 02:20:03,190:DEBUG:POM_webdriver_bdd.POM_webdriver_utils.utilities:KPI validation-True- None
2020-06-03 02:20:08,525:DEBUG:POM_webdriver_bdd.POM_webdriver_utils.utilities:KPI validation-True- None
2020-06-03 02:20:13,792:DEBUG:POM_webdriver_bdd.POM_webdriver_utils.utilities:KPI validation-True- None
2020-06-03 02:20:19,151:DEBUG:POM_webdriver_bdd.POM_webdriver_utils.utilities:KPI validation-True- None
2020-06-03 02:20:24,515:DEBUG:POM_webdriver_bdd.POM_webdriver_utils.utilities:KPI validation-True- None
2020-06-03 02:20:30,367:DEBUG:POM_webdriver_bdd.POM_webdriver_utils.utilities:KPI validation-True- None
2020-06-03 02:20:35,706:DEBUG:POM_webdriver_bdd.POM_webdriver_utils.utilities:KPI validation-True- None
2020-06-03 02:20:41,470:DEBUG:POM_webdriver_bdd.POM_webdriver_utils.utilities:KPI validation-True- None
2020-06-03 02:20:46,858:DEBUG:POM_webdriver_bdd.POM_webdriver_utils.utilities:KPI validation-True- None
2020-06-03 02:20:52,242:DEBUG:POM_webdriver_bdd.POM_webdriver_utils.utilities:KPI validation-True- None
2020-06-03 02:20:57,986:DEBUG:POM_webdriver_bdd.POM_webdriver_utils.utilities:KPI validation-True- None
2020-06-03 02:21:03,217:DEBUG:POM_webdriver_bdd.POM_webdriver_utils.utilities:KPI validation-True- None
2020-06-03 02:21:08,526:DEBUG:POM_webdriver_bdd.POM_webdriver_utils.utilities:KPI validation-True- None
2020-06-03 02:21:13,782:DEBUG:POM_webdriver_bdd.POM_webdriver_utils.utilities:KPI validation-True- None
2020-06-03 02:21:19,187:DEBUG:POM_webdriver_bdd.POM_webdriver_utils.utilities:KPI validation-True- None
2020-06-03 02:21:24,522:DEBUG:POM_webdriver_bdd.POM_webdriver_utils.utilities:KPI validation-True- None
2020-06-03 02:21:30,414:DEBUG:POM_webdriver_bdd.POM_webdriver_utils.utilities:KPI validation-True- None
2020-06-03 02:21:35,602:DEBUG:POM_webdriver_bdd.POM_webdriver_utils.utilities:KPI validation-True- None
2020-06-03 02:21:35,602:DEBUG:POM_webdriver_bdd.POM_webdriver_utils.utilities:Closing sheet
2020-06-03 02:21:35,602:DEBUG:POM_webdriver_bdd.POM_webdriver_utils.utilities:Closing sheet
2020-06-03 02:21:35,604:DEBUG:POM_webdriver_bdd.POM_webdriver_utils.utilities:DDT is completed using excel-sheet
2020-06-03 02:21:35,604:DEBUG:POM_webdriver_bdd.POM_webdriver_utils.utilities:DDT is completed using excel-sheet
2020-06-03 02:21:35,604:DEBUG:POM_webdriver_bdd.POM_webdriver_utils.utilities:DDT is completed using excel-sheet
